2025-02-23 11:34:17,526:INFO:Column names cleaned.
2025-02-23 11:34:17,539:INFO:Data filtered between years 2019 and 2024.
2025-02-23 11:34:17,542:INFO:'mon_year' column found and dropped to prevent duplication.
2025-02-23 11:34:17,552:INFO:'mon_year' column created successfully in 'mmmyyyy' format.
2025-02-23 11:34:17,553:INFO:'month' and 'year' columns extracted from 'mon_year'.
2025-02-23 11:34:17,553:INFO:Independent variables defined.
2025-02-23 11:34:17,553:INFO:Missing value treatment skipped
2025-02-23 11:34:17,553:INFO:Data preprocessing completed.
2025-02-23 11:34:17,553:INFO:Data preprocessing completed.
2025-02-23 11:34:17,554:INFO:Using provided preprocessed data.
2025-02-23 11:34:17,562:INFO:Outlier detection: Data filtered between 2019-01-01 00:00:00 and 2024-12-01 00:00:00.
2025-02-23 11:34:17,577:INFO:Percentile Rank method: Anomalies detected and corrected for 'Service'.
2025-02-23 11:34:17,578:INFO:Outlier detection: Data filtered between 2019-01-01 00:00:00 and 2024-12-01 00:00:00.
2025-02-23 11:34:17,588:INFO:Percentile Rank method: Anomalies detected and corrected for 'Invoices (K Euro)'.
2025-02-23 11:34:17,589:INFO:Outlier detection: Data filtered between 2019-01-01 00:00:00 and 2024-12-01 00:00:00.
2025-02-23 11:34:17,597:INFO:Percentile Rank method: Anomalies detected and corrected for 'incl. Others Gap'.
2025-02-23 11:34:17,598:INFO:Outlier detection and correction using Percentile completed.
2025-02-23 11:34:17,598:INFO:Outlier detection and correction completed.
2025-02-23 11:34:17,599:INFO:Starting the model building and forecasting pipeline.
2025-02-23 11:34:17,599:INFO:Using provided DataFrame as data.
2025-02-23 11:34:17,600:INFO:Computing time series characteristics...
2025-02-23 11:34:17,810:INFO:Building univariate models with cross-validation and hyperparameter tuning...
2025-02-23 11:34:17,815:INFO:No data transformation applied.
2025-02-23 11:34:17,815:INFO:Processing series: India
2025-02-23 11:34:17,815:INFO:Seasonality detection skipped. Using default season_length=12 for series India.
2025-02-23 11:34:17,816:INFO:Hyperparameter tuning for model: SESOptimized on series.
2025-02-23 11:34:18,662:INFO:Best params for model SESOptimized: {}
2025-02-23 11:34:18,662:INFO:Hyperparameter tuning for model: SES_alpha on series.
2025-02-23 11:34:18,822:INFO:Best params for model SES_alpha: {'alpha': 0.35129986060233587}
2025-02-23 11:34:18,822:INFO:Hyperparameter tuning for model: Theta on series.
2025-02-23 11:34:27,139:INFO:Best params for model Theta: {'decomposition_type': 'multiplicative'}
2025-02-23 11:34:27,139:INFO:Performing cross-validation for model: AutoETS on series India.
2025-02-23 11:34:27,222:INFO:Average Combined Metric for model AutoETS: 0.45306954948923694
2025-02-23 11:34:27,223:INFO:Performing cross-validation for model: AutoTheta on series India.
2025-02-23 11:34:27,230:INFO:Average Combined Metric for model AutoTheta: 0.35793849109262715
2025-02-23 11:34:27,230:INFO:Performing cross-validation for model: AutoARIMA on series India.
2025-02-23 11:34:27,527:INFO:Average Combined Metric for model AutoARIMA: 0.4697366116415935
2025-02-23 11:34:27,527:INFO:Performing cross-validation for model: AutoCES on series India.
2025-02-23 11:34:31,677:INFO:Average Combined Metric for model AutoCES: 0.432020597515268
2025-02-23 11:34:31,677:INFO:Performing cross-validation for model: SESOptimized on series India.
2025-02-23 11:34:31,683:INFO:Average Combined Metric for model SESOptimized: 0.5563341715281932
2025-02-23 11:34:31,683:INFO:Performing cross-validation for model: SES_alpha on series India.
2025-02-23 11:34:31,687:INFO:Average Combined Metric for model SES_alpha: 0.3001445074968433
2025-02-23 11:34:31,687:INFO:Performing cross-validation for model: Theta on series India.
2025-02-23 11:34:31,695:INFO:Average Combined Metric for model Theta: 0.35793849109262715
2025-02-23 11:34:31,947:INFO:Best model for series India based on test data: AutoTheta
2025-02-23 11:34:31,951:INFO:Processing series: Indonesia
2025-02-23 11:34:31,951:INFO:Seasonality detection skipped. Using default season_length=12 for series Indonesia.
2025-02-23 11:34:31,952:INFO:Hyperparameter tuning for model: SESOptimized on series.
2025-02-23 11:34:32,108:INFO:Best params for model SESOptimized: {}
2025-02-23 11:34:32,108:INFO:Hyperparameter tuning for model: SES_alpha on series.
2025-02-23 11:34:32,249:INFO:Best params for model SES_alpha: {'alpha': 0.1269166285491409}
2025-02-23 11:34:32,249:INFO:Hyperparameter tuning for model: Theta on series.
2025-02-23 11:34:32,420:INFO:Best params for model Theta: {'decomposition_type': 'multiplicative'}
2025-02-23 11:34:32,420:INFO:Performing cross-validation for model: AutoETS on series Indonesia.
2025-02-23 11:34:32,509:INFO:Average Combined Metric for model AutoETS: 0.5137994707050467
2025-02-23 11:34:32,510:INFO:Performing cross-validation for model: AutoTheta on series Indonesia.
2025-02-23 11:34:32,517:INFO:Average Combined Metric for model AutoTheta: 0.530670718477022
2025-02-23 11:34:32,517:INFO:Performing cross-validation for model: AutoARIMA on series Indonesia.
2025-02-23 11:34:32,772:INFO:Average Combined Metric for model AutoARIMA: 0.45894407721916847
2025-02-23 11:34:32,772:INFO:Performing cross-validation for model: AutoCES on series Indonesia.
2025-02-23 11:34:32,814:INFO:Average Combined Metric for model AutoCES: 0.3773141646031238
2025-02-23 11:34:32,815:INFO:Performing cross-validation for model: SESOptimized on series Indonesia.
2025-02-23 11:34:32,821:INFO:Average Combined Metric for model SESOptimized: 0.7729976180539054
2025-02-23 11:34:32,821:INFO:Performing cross-validation for model: SES_alpha on series Indonesia.
2025-02-23 11:34:32,825:INFO:Average Combined Metric for model SES_alpha: 0.5925869393706144
2025-02-23 11:34:32,825:INFO:Performing cross-validation for model: Theta on series Indonesia.
2025-02-23 11:34:32,832:INFO:Average Combined Metric for model Theta: 0.530670718477022
2025-02-23 11:34:33,096:INFO:Best model for series Indonesia based on test data: AutoETS
2025-02-23 11:34:33,139:INFO:Processing series: Singapore
2025-02-23 11:34:33,140:INFO:Seasonality detection skipped. Using default season_length=12 for series Singapore.
2025-02-23 11:34:33,140:INFO:Hyperparameter tuning for model: SESOptimized on series.
2025-02-23 11:34:33,293:INFO:Best params for model SESOptimized: {}
2025-02-23 11:34:33,294:INFO:Hyperparameter tuning for model: SES_alpha on series.
2025-02-23 11:34:33,429:INFO:Best params for model SES_alpha: {'alpha': 0.10293819323906686}
2025-02-23 11:34:33,430:INFO:Hyperparameter tuning for model: Theta on series.
2025-02-23 11:34:33,599:INFO:Best params for model Theta: {'decomposition_type': 'multiplicative'}
2025-02-23 11:34:33,600:INFO:Performing cross-validation for model: AutoETS on series Singapore.
2025-02-23 11:34:33,676:INFO:Average Combined Metric for model AutoETS: 0.5709582758979781
2025-02-23 11:34:33,676:INFO:Performing cross-validation for model: AutoTheta on series Singapore.
2025-02-23 11:34:33,683:INFO:Average Combined Metric for model AutoTheta: 0.45408151845068856
2025-02-23 11:34:33,683:INFO:Performing cross-validation for model: AutoARIMA on series Singapore.
2025-02-23 11:34:34,135:INFO:Average Combined Metric for model AutoARIMA: 0.5677594468121581
2025-02-23 11:34:34,135:INFO:Performing cross-validation for model: AutoCES on series Singapore.
2025-02-23 11:34:34,184:INFO:Average Combined Metric for model AutoCES: 0.5550708529475883
2025-02-23 11:34:34,184:INFO:Performing cross-validation for model: SESOptimized on series Singapore.
2025-02-23 11:34:34,190:INFO:Average Combined Metric for model SESOptimized: 0.48911233486751354
2025-02-23 11:34:34,190:INFO:Performing cross-validation for model: SES_alpha on series Singapore.
2025-02-23 11:34:34,195:INFO:Average Combined Metric for model SES_alpha: 0.48618100221362565
2025-02-23 11:34:34,195:INFO:Performing cross-validation for model: Theta on series Singapore.
2025-02-23 11:34:34,201:INFO:Average Combined Metric for model Theta: 0.45408151845068856
2025-02-23 11:34:34,573:INFO:Best model for series Singapore based on test data: AutoCES
2025-02-23 11:34:34,593:INFO:Model results saved to 'model_results.csv'.
2025-02-23 11:34:34,597:INFO:Future forecasts saved to 'future_forecasts.csv'.
2025-02-23 11:34:34,597:INFO:Univariate modeling completed.
